SF:lib/src/address_label.dart
DA:19,1
DA:23,1
DA:26,1
DA:28,2
DA:31,2
LF:5
LH:5
end_of_record
SF:lib/src/email.dart
DA:21,2
DA:25,3
DA:27,3
DA:32,1
DA:34,1
DA:37,2
DA:43,1
DA:44,2
LF:8
LH:8
end_of_record
SF:lib/src/name.dart
DA:20,1
DA:24,1
DA:26,3
DA:34,1
DA:36,1
DA:38,2
LF:6
LH:6
end_of_record
SF:lib/src/otp_code.dart
DA:19,1
DA:23,1
DA:26,1
DA:29,2
LF:4
LH:4
end_of_record
SF:lib/src/password.dart
DA:31,2
DA:35,2
DA:37,3
DA:40,1
DA:42,1
DA:45,2
DA:49,2
LF:7
LH:7
end_of_record
SF:lib/src/phone_number.dart
DA:25,1
DA:29,1
DA:31,3
DA:33,1
DA:35,1
DA:36,2
LF:6
LH:6
end_of_record
SF:lib/src/username.dart
DA:20,1
DA:24,1
DA:26,3
DA:34,1
DA:36,1
DA:38,2
LF:6
LH:6
end_of_record
SF:lib/src/zipcode.dart
DA:19,1
DA:21,0
DA:25,1
DA:27,0
DA:32,3
DA:35,1
DA:37,1
DA:40,2
DA:44,2
LF:9
LH:7
end_of_record
